Analysis & Elaboration report for asip
Fri Jul 17 15:52:36 2020
Quartus Prime Version 18.0.0 Build 614 04/24/2018 SJ Lite Edition


---------------------
; Table of Contents ;
---------------------
  1. Legal Notice
  2. Analysis & Elaboration Summary
  3. Parallel Compilation
  4. Parameter Settings for User Entity Instance: data_mem:DUT
  5. Parameter Settings for User Entity Instance: data_mem:DUT|dmem_cell:dmem0
  6. Parameter Settings for User Entity Instance: data_mem:DUT|dmem_cell:dmem1
  7. Parameter Settings for User Entity Instance: data_mem:DUT|dmem_cell:dmem2
  8. Parameter Settings for User Entity Instance: data_mem:DUT|dmem_cell:dmem3
  9. Parameter Settings for User Entity Instance: data_mem:DUT|dmem_cell:dmem4
 10. Parameter Settings for User Entity Instance: data_mem:DUT|dmem_cell:dmem5
 11. Parameter Settings for User Entity Instance: data_mem:DUT|dmem_cell:dmem6
 12. Parameter Settings for User Entity Instance: data_mem:DUT|dmem_cell:dmem7
 13. Analysis & Elaboration Settings
 14. Port Connectivity Checks: "data_mem:DUT"
 15. Analysis & Elaboration Messages
 16. Analysis & Elaboration Suppressed Messages



----------------
; Legal Notice ;
----------------
Copyright (C) 2018  Intel Corporation. All rights reserved.
Your use of Intel Corporation's design tools, logic functions 
and other software and tools, and its AMPP partner logic 
functions, and any output files from any of the foregoing 
(including device programming or simulation files), and any 
associated documentation or information are expressly subject 
to the terms and conditions of the Intel Program License 
Subscription Agreement, the Intel Quartus Prime License Agreement,
the Intel FPGA IP License Agreement, or other applicable license
agreement, including, without limitation, that your use is for
the sole purpose of programming logic devices manufactured by
Intel and sold by Intel or its authorized distributors.  Please
refer to the applicable agreement for further details.



+-----------------------------------------------------------------------------+
; Analysis & Elaboration Summary                                              ;
+-------------------------------+---------------------------------------------+
; Analysis & Elaboration Status ; Successful - Fri Jul 17 15:52:36 2020       ;
; Quartus Prime Version         ; 18.0.0 Build 614 04/24/2018 SJ Lite Edition ;
; Revision Name                 ; asip                                        ;
; Top-level Entity Name         ; data_mem_test                               ;
; Family                        ; Cyclone V                                   ;
; Logic utilization (in ALMs)   ; N/A until Partition Merge                   ;
; Total registers               ; N/A until Partition Merge                   ;
; Total pins                    ; N/A until Partition Merge                   ;
; Total virtual pins            ; N/A until Partition Merge                   ;
; Total block memory bits       ; N/A until Partition Merge                   ;
; Total PLLs                    ; N/A until Partition Merge                   ;
; Total DLLs                    ; N/A until Partition Merge                   ;
+-------------------------------+---------------------------------------------+


+------------------------------------------+
; Parallel Compilation                     ;
+----------------------------+-------------+
; Processors                 ; Number      ;
+----------------------------+-------------+
; Number detected on machine ; 8           ;
; Maximum allowed            ; 4           ;
;                            ;             ;
; Average used               ; 1.00        ;
; Maximum used               ; 1           ;
;                            ;             ;
; Usage by Processor         ; % Time Used ;
;     Processor 1            ; 100.0%      ;
+----------------------------+-------------+


+-----------------------------------------------------------+
; Parameter Settings for User Entity Instance: data_mem:DUT ;
+----------------+-------+----------------------------------+
; Parameter Name ; Value ; Type                             ;
+----------------+-------+----------------------------------+
; N              ; 32    ; Signed Integer                   ;
+----------------+-------+----------------------------------+
Note: In order to hide this table in the UI and the text report file, please set the "Show Parameter Settings in Synthesis Report" option in "Analysis and Synthesis Settings -> More Settings" to "Off".


+---------------------------------------------------------------------------+
; Parameter Settings for User Entity Instance: data_mem:DUT|dmem_cell:dmem0 ;
+----------------+-------+--------------------------------------------------+
; Parameter Name ; Value ; Type                                             ;
+----------------+-------+--------------------------------------------------+
; N              ; 16    ; Signed Integer                                   ;
; BITS           ; 32    ; Signed Integer                                   ;
; NUMBER         ; 0     ; String                                           ;
+----------------+-------+--------------------------------------------------+
Note: In order to hide this table in the UI and the text report file, please set the "Show Parameter Settings in Synthesis Report" option in "Analysis and Synthesis Settings -> More Settings" to "Off".


+---------------------------------------------------------------------------+
; Parameter Settings for User Entity Instance: data_mem:DUT|dmem_cell:dmem1 ;
+----------------+-------+--------------------------------------------------+
; Parameter Name ; Value ; Type                                             ;
+----------------+-------+--------------------------------------------------+
; N              ; 16    ; Signed Integer                                   ;
; BITS           ; 32    ; Signed Integer                                   ;
; NUMBER         ; 1     ; String                                           ;
+----------------+-------+--------------------------------------------------+
Note: In order to hide this table in the UI and the text report file, please set the "Show Parameter Settings in Synthesis Report" option in "Analysis and Synthesis Settings -> More Settings" to "Off".


+---------------------------------------------------------------------------+
; Parameter Settings for User Entity Instance: data_mem:DUT|dmem_cell:dmem2 ;
+----------------+-------+--------------------------------------------------+
; Parameter Name ; Value ; Type                                             ;
+----------------+-------+--------------------------------------------------+
; N              ; 16    ; Signed Integer                                   ;
; BITS           ; 32    ; Signed Integer                                   ;
; NUMBER         ; 2     ; String                                           ;
+----------------+-------+--------------------------------------------------+
Note: In order to hide this table in the UI and the text report file, please set the "Show Parameter Settings in Synthesis Report" option in "Analysis and Synthesis Settings -> More Settings" to "Off".


+---------------------------------------------------------------------------+
; Parameter Settings for User Entity Instance: data_mem:DUT|dmem_cell:dmem3 ;
+----------------+-------+--------------------------------------------------+
; Parameter Name ; Value ; Type                                             ;
+----------------+-------+--------------------------------------------------+
; N              ; 16    ; Signed Integer                                   ;
; BITS           ; 32    ; Signed Integer                                   ;
; NUMBER         ; 3     ; String                                           ;
+----------------+-------+--------------------------------------------------+
Note: In order to hide this table in the UI and the text report file, please set the "Show Parameter Settings in Synthesis Report" option in "Analysis and Synthesis Settings -> More Settings" to "Off".


+---------------------------------------------------------------------------+
; Parameter Settings for User Entity Instance: data_mem:DUT|dmem_cell:dmem4 ;
+----------------+-------+--------------------------------------------------+
; Parameter Name ; Value ; Type                                             ;
+----------------+-------+--------------------------------------------------+
; N              ; 16    ; Signed Integer                                   ;
; BITS           ; 32    ; Signed Integer                                   ;
; NUMBER         ; 4     ; String                                           ;
+----------------+-------+--------------------------------------------------+
Note: In order to hide this table in the UI and the text report file, please set the "Show Parameter Settings in Synthesis Report" option in "Analysis and Synthesis Settings -> More Settings" to "Off".


+---------------------------------------------------------------------------+
; Parameter Settings for User Entity Instance: data_mem:DUT|dmem_cell:dmem5 ;
+----------------+-------+--------------------------------------------------+
; Parameter Name ; Value ; Type                                             ;
+----------------+-------+--------------------------------------------------+
; N              ; 16    ; Signed Integer                                   ;
; BITS           ; 32    ; Signed Integer                                   ;
; NUMBER         ; 5     ; String                                           ;
+----------------+-------+--------------------------------------------------+
Note: In order to hide this table in the UI and the text report file, please set the "Show Parameter Settings in Synthesis Report" option in "Analysis and Synthesis Settings -> More Settings" to "Off".


+---------------------------------------------------------------------------+
; Parameter Settings for User Entity Instance: data_mem:DUT|dmem_cell:dmem6 ;
+----------------+-------+--------------------------------------------------+
; Parameter Name ; Value ; Type                                             ;
+----------------+-------+--------------------------------------------------+
; N              ; 16    ; Signed Integer                                   ;
; BITS           ; 32    ; Signed Integer                                   ;
; NUMBER         ; 6     ; String                                           ;
+----------------+-------+--------------------------------------------------+
Note: In order to hide this table in the UI and the text report file, please set the "Show Parameter Settings in Synthesis Report" option in "Analysis and Synthesis Settings -> More Settings" to "Off".


+---------------------------------------------------------------------------+
; Parameter Settings for User Entity Instance: data_mem:DUT|dmem_cell:dmem7 ;
+----------------+-------+--------------------------------------------------+
; Parameter Name ; Value ; Type                                             ;
+----------------+-------+--------------------------------------------------+
; N              ; 16    ; Signed Integer                                   ;
; BITS           ; 32    ; Signed Integer                                   ;
; NUMBER         ; 7     ; String                                           ;
+----------------+-------+--------------------------------------------------+
Note: In order to hide this table in the UI and the text report file, please set the "Show Parameter Settings in Synthesis Report" option in "Analysis and Synthesis Settings -> More Settings" to "Off".


+---------------------------------------------------------------------------------------------------------------------------+
; Analysis & Elaboration Settings                                                                                           ;
+---------------------------------------------------------------------------------+--------------------+--------------------+
; Option                                                                          ; Setting            ; Default Value      ;
+---------------------------------------------------------------------------------+--------------------+--------------------+
; Device                                                                          ; 5CSEMA5F31C6       ;                    ;
; Top-level entity name                                                           ; data_mem_test      ; asip               ;
; Family name                                                                     ; Cyclone V          ; Cyclone V          ;
; Use smart compilation                                                           ; Off                ; Off                ;
; Enable parallel Assembler and Timing Analyzer during compilation                ; On                 ; On                 ;
; Enable compact report table                                                     ; Off                ; Off                ;
; Restructure Multiplexers                                                        ; Auto               ; Auto               ;
; MLAB Add Timing Constraints For Mixed-Port Feed-Through Mode Setting Don't Care ; Off                ; Off                ;
; Create Debugging Nodes for IP Cores                                             ; Off                ; Off                ;
; Preserve fewer node names                                                       ; On                 ; On                 ;
; Intel FPGA IP Evaluation Mode                                                   ; Enable             ; Enable             ;
; Verilog Version                                                                 ; Verilog_2001       ; Verilog_2001       ;
; VHDL Version                                                                    ; VHDL_1993          ; VHDL_1993          ;
; State Machine Processing                                                        ; Auto               ; Auto               ;
; Safe State Machine                                                              ; Off                ; Off                ;
; Extract Verilog State Machines                                                  ; On                 ; On                 ;
; Extract VHDL State Machines                                                     ; On                 ; On                 ;
; Ignore Verilog initial constructs                                               ; Off                ; Off                ;
; Iteration limit for constant Verilog loops                                      ; 5000               ; 5000               ;
; Iteration limit for non-constant Verilog loops                                  ; 250                ; 250                ;
; Add Pass-Through Logic to Inferred RAMs                                         ; On                 ; On                 ;
; Infer RAMs from Raw Logic                                                       ; On                 ; On                 ;
; Parallel Synthesis                                                              ; On                 ; On                 ;
; DSP Block Balancing                                                             ; Auto               ; Auto               ;
; NOT Gate Push-Back                                                              ; On                 ; On                 ;
; Power-Up Don't Care                                                             ; On                 ; On                 ;
; Remove Redundant Logic Cells                                                    ; Off                ; Off                ;
; Remove Duplicate Registers                                                      ; On                 ; On                 ;
; Ignore CARRY Buffers                                                            ; Off                ; Off                ;
; Ignore CASCADE Buffers                                                          ; Off                ; Off                ;
; Ignore GLOBAL Buffers                                                           ; Off                ; Off                ;
; Ignore ROW GLOBAL Buffers                                                       ; Off                ; Off                ;
; Ignore LCELL Buffers                                                            ; Off                ; Off                ;
; Ignore SOFT Buffers                                                             ; On                 ; On                 ;
; Limit AHDL Integers to 32 Bits                                                  ; Off                ; Off                ;
; Optimization Technique                                                          ; Balanced           ; Balanced           ;
; Carry Chain Length                                                              ; 70                 ; 70                 ;
; Auto Carry Chains                                                               ; On                 ; On                 ;
; Auto Open-Drain Pins                                                            ; On                 ; On                 ;
; Perform WYSIWYG Primitive Resynthesis                                           ; Off                ; Off                ;
; Auto ROM Replacement                                                            ; On                 ; On                 ;
; Auto RAM Replacement                                                            ; On                 ; On                 ;
; Auto DSP Block Replacement                                                      ; On                 ; On                 ;
; Auto Shift Register Replacement                                                 ; Auto               ; Auto               ;
; Allow Shift Register Merging across Hierarchies                                 ; Auto               ; Auto               ;
; Auto Clock Enable Replacement                                                   ; On                 ; On                 ;
; Strict RAM Replacement                                                          ; Off                ; Off                ;
; Allow Synchronous Control Signals                                               ; On                 ; On                 ;
; Force Use of Synchronous Clear Signals                                          ; Off                ; Off                ;
; Auto Resource Sharing                                                           ; Off                ; Off                ;
; Allow Any RAM Size For Recognition                                              ; Off                ; Off                ;
; Allow Any ROM Size For Recognition                                              ; Off                ; Off                ;
; Allow Any Shift Register Size For Recognition                                   ; Off                ; Off                ;
; Use LogicLock Constraints during Resource Balancing                             ; On                 ; On                 ;
; Ignore translate_off and synthesis_off directives                               ; Off                ; Off                ;
; Timing-Driven Synthesis                                                         ; On                 ; On                 ;
; Report Parameter Settings                                                       ; On                 ; On                 ;
; Report Source Assignments                                                       ; On                 ; On                 ;
; Report Connectivity Checks                                                      ; On                 ; On                 ;
; Ignore Maximum Fan-Out Assignments                                              ; Off                ; Off                ;
; Synchronization Register Chain Length                                           ; 3                  ; 3                  ;
; Power Optimization During Synthesis                                             ; Normal compilation ; Normal compilation ;
; HDL message level                                                               ; Level2             ; Level2             ;
; Suppress Register Optimization Related Messages                                 ; Off                ; Off                ;
; Number of Removed Registers Reported in Synthesis Report                        ; 5000               ; 5000               ;
; Number of Swept Nodes Reported in Synthesis Report                              ; 5000               ; 5000               ;
; Number of Inverted Registers Reported in Synthesis Report                       ; 100                ; 100                ;
; Clock MUX Protection                                                            ; On                 ; On                 ;
; Auto Gated Clock Conversion                                                     ; Off                ; Off                ;
; Block Design Naming                                                             ; Auto               ; Auto               ;
; SDC constraint protection                                                       ; Off                ; Off                ;
; Synthesis Effort                                                                ; Auto               ; Auto               ;
; Shift Register Replacement - Allow Asynchronous Clear Signal                    ; On                 ; On                 ;
; Pre-Mapping Resynthesis Optimization                                            ; Off                ; Off                ;
; Analysis & Synthesis Message Level                                              ; Medium             ; Medium             ;
; Disable Register Merging Across Hierarchies                                     ; Auto               ; Auto               ;
; Resource Aware Inference For Block RAM                                          ; On                 ; On                 ;
; Automatic Parallel Synthesis                                                    ; On                 ; On                 ;
; Partial Reconfiguration Bitstream ID                                            ; Off                ; Off                ;
+---------------------------------------------------------------------------------+--------------------+--------------------+


+---------------------------------------------------------------------------------------------------------------------+
; Port Connectivity Checks: "data_mem:DUT"                                                                            ;
+-----------+--------+----------+-------------------------------------------------------------------------------------+
; Port      ; Type   ; Severity ; Details                                                                             ;
+-----------+--------+----------+-------------------------------------------------------------------------------------+
; pixel     ; Output ; Info     ; Connected to dangling logic. Logic that only feeds a dangling port will be removed. ;
; read_data ; Output ; Info     ; Connected to dangling logic. Logic that only feeds a dangling port will be removed. ;
+-----------+--------+----------+-------------------------------------------------------------------------------------+


+---------------------------------+
; Analysis & Elaboration Messages ;
+---------------------------------+
Info: *******************************************************************
Info: Running Quartus Prime Analysis & Elaboration
    Info: Version 18.0.0 Build 614 04/24/2018 SJ Lite Edition
    Info: Processing started: Fri Jul 17 15:47:31 2020
Info: Command: quartus_map --read_settings_files=on --write_settings_files=off asip -c asip --analysis_and_elaboration
Warning (18236): Number of processors has not been specified which may cause overloading on shared machines.  Set the global assignment NUM_PARALLEL_PROCESSORS in your QSF to an appropriate value for best performance.
Info (20030): Parallel compilation is enabled and will use 4 of the 4 processors detected
Info (12021): Found 1 design units, including 1 entities, in source file asip/memories/data_mem_test.sv
    Info (12023): Found entity 1: data_mem_test File: C:/Users/erick/Documents/Git/ASIP-for-decryption-using-RSA/asip/asip/memories/data_mem_test.sv Line: 1
Info (12021): Found 1 design units, including 1 entities, in source file asip/memories/dmem_cell.sv
    Info (12023): Found entity 1: dmem_cell File: C:/Users/erick/Documents/Git/ASIP-for-decryption-using-RSA/asip/asip/memories/dmem_cell.sv Line: 18
Info (12021): Found 1 design units, including 1 entities, in source file asip/processor/path/path_test.sv
    Info (12023): Found entity 1: path_test File: C:/Users/erick/Documents/Git/ASIP-for-decryption-using-RSA/asip/asip/processor/path/path_test.sv Line: 1
Info (12021): Found 1 design units, including 1 entities, in source file asip/processor/path/mem_wb_pipe.sv
    Info (12023): Found entity 1: mem_wb_pipe File: C:/Users/erick/Documents/Git/ASIP-for-decryption-using-RSA/asip/asip/processor/path/mem_wb_pipe.sv Line: 1
Info (12021): Found 1 design units, including 1 entities, in source file asip/processor/path/ex_mem_pipe.sv
    Info (12023): Found entity 1: ex_mem_pipe File: C:/Users/erick/Documents/Git/ASIP-for-decryption-using-RSA/asip/asip/processor/path/ex_mem_pipe.sv Line: 1
Info (12021): Found 1 design units, including 1 entities, in source file asip/processor/path/if_id_pipe.sv
    Info (12023): Found entity 1: if_id_pipe File: C:/Users/erick/Documents/Git/ASIP-for-decryption-using-RSA/asip/asip/processor/path/if_id_pipe.sv Line: 1
Info (12021): Found 1 design units, including 1 entities, in source file asip/processor/path/id_ex_pipe.sv
    Info (12023): Found entity 1: id_ex_pipe File: C:/Users/erick/Documents/Git/ASIP-for-decryption-using-RSA/asip/asip/processor/path/id_ex_pipe.sv Line: 1
Info (12021): Found 1 design units, including 1 entities, in source file asip/processor/path/mem-stage/data_memory.sv
    Info (12023): Found entity 1: data_memory File: C:/Users/erick/Documents/Git/ASIP-for-decryption-using-RSA/asip/asip/processor/path/mem-stage/data_memory.sv Line: 18
Info (12021): Found 1 design units, including 1 entities, in source file asip/processor/path/mem-stage/mem_stage_test.sv
    Info (12023): Found entity 1: mem_stage_test File: C:/Users/erick/Documents/Git/ASIP-for-decryption-using-RSA/asip/asip/processor/path/mem-stage/mem_stage_test.sv Line: 1
Info (12021): Found 1 design units, including 1 entities, in source file asip/memories/data_mem.sv
    Info (12023): Found entity 1: data_mem File: C:/Users/erick/Documents/Git/ASIP-for-decryption-using-RSA/asip/asip/memories/data_mem.sv Line: 18
Info (12021): Found 1 design units, including 1 entities, in source file asip/processor/control_unit/control_unit_tb.sv
    Info (12023): Found entity 1: control_unit_tb File: C:/Users/erick/Documents/Git/ASIP-for-decryption-using-RSA/asip/asip/processor/control_unit/control_unit_tb.sv Line: 1
Info (12021): Found 1 design units, including 1 entities, in source file asip/processor/path/wb-stage/wb_stage_test.sv
    Info (12023): Found entity 1: wb_stage_test File: C:/Users/erick/Documents/Git/ASIP-for-decryption-using-RSA/asip/asip/processor/path/wb-stage/wb_stage_test.sv Line: 1
Info (12021): Found 1 design units, including 1 entities, in source file asip/processor/path/ex-stage/ex_stage_test.sv
    Info (12023): Found entity 1: ex_stage_test File: C:/Users/erick/Documents/Git/ASIP-for-decryption-using-RSA/asip/asip/processor/path/ex-stage/ex_stage_test.sv Line: 1
Info (12021): Found 1 design units, including 1 entities, in source file asip/processor/path/ex-stage/opb_mux.sv
    Info (12023): Found entity 1: opb_mux File: C:/Users/erick/Documents/Git/ASIP-for-decryption-using-RSA/asip/asip/processor/path/ex-stage/opb_mux.sv Line: 16
Info (12021): Found 1 design units, including 1 entities, in source file asip/processor/path/id-stage/zero_extension_test.sv
    Info (12023): Found entity 1: zero_extension_test File: C:/Users/erick/Documents/Git/ASIP-for-decryption-using-RSA/asip/asip/processor/path/id-stage/zero_extension_test.sv Line: 1
Info (12021): Found 1 design units, including 1 entities, in source file asip/processor/path/id-stage/zero_extension.sv
    Info (12023): Found entity 1: zero_extension File: C:/Users/erick/Documents/Git/ASIP-for-decryption-using-RSA/asip/asip/processor/path/id-stage/zero_extension.sv Line: 15
Info (12021): Found 1 design units, including 1 entities, in source file asip/processor/path/id-stage/registers_test.sv
    Info (12023): Found entity 1: registers_test File: C:/Users/erick/Documents/Git/ASIP-for-decryption-using-RSA/asip/asip/processor/path/id-stage/registers_test.sv Line: 1
Info (12021): Found 1 design units, including 1 entities, in source file asip/processor/path/id-stage/registers.sv
    Info (12023): Found entity 1: registers File: C:/Users/erick/Documents/Git/ASIP-for-decryption-using-RSA/asip/asip/processor/path/id-stage/registers.sv Line: 21
Info (12021): Found 1 design units, including 1 entities, in source file asip/processor/path/id-stage/rb_mux.sv
    Info (12023): Found entity 1: rb_mux File: C:/Users/erick/Documents/Git/ASIP-for-decryption-using-RSA/asip/asip/processor/path/id-stage/rb_mux.sv Line: 16
Info (12021): Found 1 design units, including 1 entities, in source file asip/processor/path/id-stage/id_stage_test.sv
    Info (12023): Found entity 1: id_stage_test File: C:/Users/erick/Documents/Git/ASIP-for-decryption-using-RSA/asip/asip/processor/path/id-stage/id_stage_test.sv Line: 1
Info (12021): Found 1 design units, including 1 entities, in source file asip/processor/path/if-stage/instr_fetch_test.sv
    Info (12023): Found entity 1: instr_fetch_test File: C:/Users/erick/Documents/Git/ASIP-for-decryption-using-RSA/asip/asip/processor/path/if-stage/instr_fetch_test.sv Line: 1
Info (12021): Found 1 design units, including 1 entities, in source file asip/processor/path/if-stage/pc_ff.sv
    Info (12023): Found entity 1: pc_ff File: C:/Users/erick/Documents/Git/ASIP-for-decryption-using-RSA/asip/asip/processor/path/if-stage/pc_ff.sv Line: 15
Info (12021): Found 1 design units, including 1 entities, in source file asip/processor/path/if-stage/if_stage_test.sv
    Info (12023): Found entity 1: if_stage_test File: C:/Users/erick/Documents/Git/ASIP-for-decryption-using-RSA/asip/asip/processor/path/if-stage/if_stage_test.sv Line: 1
Info (12021): Found 1 design units, including 1 entities, in source file asip/memories/instruction_mem.sv
    Info (12023): Found entity 1: instruction_mem File: C:/Users/erick/Documents/Git/ASIP-for-decryption-using-RSA/asip/asip/memories/instruction_mem.sv Line: 13
Info (12021): Found 1 design units, including 1 entities, in source file asip/processor/path/if-stage/adder.sv
    Info (12023): Found entity 1: adder File: C:/Users/erick/Documents/Git/ASIP-for-decryption-using-RSA/asip/asip/processor/path/if-stage/adder.sv Line: 15
Info (12021): Found 1 design units, including 1 entities, in source file asip/processor/path/if-stage/pc_mux.sv
    Info (12023): Found entity 1: pc_mux File: C:/Users/erick/Documents/Git/ASIP-for-decryption-using-RSA/asip/asip/processor/path/if-stage/pc_mux.sv Line: 16
Info (12021): Found 1 design units, including 1 entities, in source file asip/processor/path/ex-stage/alu/alu_test.sv
    Info (12023): Found entity 1: alu_test File: C:/Users/erick/Documents/Git/ASIP-for-decryption-using-RSA/asip/asip/processor/path/ex-stage/alu/alu_test.sv Line: 1
Info (12021): Found 1 design units, including 1 entities, in source file asip/processor/path/ex-stage/alu/alu.sv
    Info (12023): Found entity 1: alu File: C:/Users/erick/Documents/Git/ASIP-for-decryption-using-RSA/asip/asip/processor/path/ex-stage/alu/alu.sv Line: 18
Info (12021): Found 0 design units, including 0 entities, in source file asip/processor/processor.sv
Info (12021): Found 0 design units, including 0 entities, in source file asip/data-to-color-converter/data_to_color_converter.sv
Info (12021): Found 0 design units, including 0 entities, in source file asip/clock-divider/clock_divider.sv
Info (12021): Found 0 design units, including 0 entities, in source file asip/asip.sv
Info (12021): Found 0 design units, including 0 entities, in source file asip/processor/path/wb-stage/wb_stage.sv
Info (12021): Found 0 design units, including 0 entities, in source file asip/processor/path/mem-stage/mem_stage.sv
Info (12021): Found 1 design units, including 1 entities, in source file asip/processor/path/if-stage/if_stage.sv
    Info (12023): Found entity 1: if_stage File: C:/Users/erick/Documents/Git/ASIP-for-decryption-using-RSA/asip/asip/processor/path/if-stage/if_stage.sv Line: 17
Info (12021): Found 1 design units, including 1 entities, in source file asip/processor/path/id-stage/id_stage.sv
    Info (12023): Found entity 1: id_stage File: C:/Users/erick/Documents/Git/ASIP-for-decryption-using-RSA/asip/asip/processor/path/id-stage/id_stage.sv Line: 28
Info (12021): Found 1 design units, including 1 entities, in source file asip/processor/path/ex-stage/ex_stage.sv
    Info (12023): Found entity 1: ex_stage File: C:/Users/erick/Documents/Git/ASIP-for-decryption-using-RSA/asip/asip/processor/path/ex-stage/ex_stage.sv Line: 20
Info (12021): Found 1 design units, including 1 entities, in source file asip/processor/path/path.sv
    Info (12023): Found entity 1: path File: C:/Users/erick/Documents/Git/ASIP-for-decryption-using-RSA/asip/asip/processor/path/path.sv Line: 1
Info (12021): Found 0 design units, including 0 entities, in source file asip/processor/hazard_unit/hazard_unit.sv
Info (12021): Found 1 design units, including 1 entities, in source file asip/processor/control_unit/control_unit.sv
    Info (12023): Found entity 1: control_unit File: C:/Users/erick/Documents/Git/ASIP-for-decryption-using-RSA/asip/asip/processor/control_unit/control_unit.sv Line: 18
Info (12021): Found 0 design units, including 0 entities, in source file asip/vga-controller/vga_controller.sv
Info (12127): Elaborating entity "data_mem_test" for the top level hierarchy
Info (10648): Verilog HDL Display System Task info at data_mem_test.sv(15): clk=1, write_enable=0, address=00000000, pixel_address=00000000, write_data=00000000, pixel=00, read_data=00000000 File: C:/Users/erick/Documents/Git/ASIP-for-decryption-using-RSA/asip/asip/memories/data_mem_test.sv Line: 15
Info (10648): Verilog HDL Display System Task info at data_mem_test.sv(18): clk=0, write_enable=0, address=00000000, pixel_address=00000000, write_data=00000000, pixel=00, read_data=00000000\n File: C:/Users/erick/Documents/Git/ASIP-for-decryption-using-RSA/asip/asip/memories/data_mem_test.sv Line: 18
Info (10648): Verilog HDL Display System Task info at data_mem_test.sv(22): clk=1, write_enable=0, address=00010000, pixel_address=00000000, write_data=00000000, pixel=00, read_data=00000000 File: C:/Users/erick/Documents/Git/ASIP-for-decryption-using-RSA/asip/asip/memories/data_mem_test.sv Line: 22
Info (10648): Verilog HDL Display System Task info at data_mem_test.sv(25): clk=0, write_enable=0, address=00010000, pixel_address=00000000, write_data=00000000, pixel=00, read_data=00000000\n File: C:/Users/erick/Documents/Git/ASIP-for-decryption-using-RSA/asip/asip/memories/data_mem_test.sv Line: 25
Info (10648): Verilog HDL Display System Task info at data_mem_test.sv(29): clk=1, write_enable=0, address=00010000, pixel_address=00010000, write_data=00000000, pixel=00, read_data=00000000 File: C:/Users/erick/Documents/Git/ASIP-for-decryption-using-RSA/asip/asip/memories/data_mem_test.sv Line: 29
Info (10648): Verilog HDL Display System Task info at data_mem_test.sv(32): clk=0, write_enable=0, address=00010000, pixel_address=00010000, write_data=00000000, pixel=00, read_data=00000000\n File: C:/Users/erick/Documents/Git/ASIP-for-decryption-using-RSA/asip/asip/memories/data_mem_test.sv Line: 32
Info (10648): Verilog HDL Display System Task info at data_mem_test.sv(36): clk=1, write_enable=0, address=00020000, pixel_address=00010000, write_data=00000000, pixel=00, read_data=00000000 File: C:/Users/erick/Documents/Git/ASIP-for-decryption-using-RSA/asip/asip/memories/data_mem_test.sv Line: 36
Info (10648): Verilog HDL Display System Task info at data_mem_test.sv(39): clk=0, write_enable=0, address=00020000, pixel_address=00010000, write_data=00000000, pixel=00, read_data=00000000\n File: C:/Users/erick/Documents/Git/ASIP-for-decryption-using-RSA/asip/asip/memories/data_mem_test.sv Line: 39
Info (10648): Verilog HDL Display System Task info at data_mem_test.sv(43): clk=1, write_enable=0, address=00020000, pixel_address=00020000, write_data=00000000, pixel=00, read_data=00000000 File: C:/Users/erick/Documents/Git/ASIP-for-decryption-using-RSA/asip/asip/memories/data_mem_test.sv Line: 43
Info (10648): Verilog HDL Display System Task info at data_mem_test.sv(46): clk=0, write_enable=0, address=00020000, pixel_address=00020000, write_data=00000000, pixel=00, read_data=00000000\n File: C:/Users/erick/Documents/Git/ASIP-for-decryption-using-RSA/asip/asip/memories/data_mem_test.sv Line: 46
Info (10648): Verilog HDL Display System Task info at data_mem_test.sv(50): clk=1, write_enable=0, address=00040000, pixel_address=00020000, write_data=00000000, pixel=00, read_data=00000000 File: C:/Users/erick/Documents/Git/ASIP-for-decryption-using-RSA/asip/asip/memories/data_mem_test.sv Line: 50
Info (10648): Verilog HDL Display System Task info at data_mem_test.sv(53): clk=0, write_enable=0, address=00040000, pixel_address=00020000, write_data=00000000, pixel=00, read_data=00000000\n File: C:/Users/erick/Documents/Git/ASIP-for-decryption-using-RSA/asip/asip/memories/data_mem_test.sv Line: 53
Info (10648): Verilog HDL Display System Task info at data_mem_test.sv(57): clk=1, write_enable=0, address=00040000, pixel_address=00040000, write_data=00000000, pixel=00, read_data=00000000 File: C:/Users/erick/Documents/Git/ASIP-for-decryption-using-RSA/asip/asip/memories/data_mem_test.sv Line: 57
Info (10648): Verilog HDL Display System Task info at data_mem_test.sv(60): clk=0, write_enable=0, address=00040000, pixel_address=00040000, write_data=00000000, pixel=00, read_data=00000000\n File: C:/Users/erick/Documents/Git/ASIP-for-decryption-using-RSA/asip/asip/memories/data_mem_test.sv Line: 60
Info (10648): Verilog HDL Display System Task info at data_mem_test.sv(65): clk=1, write_enable=1, address=00040000, pixel_address=00000000, write_data=00000002, pixel=00, read_data=00000000 File: C:/Users/erick/Documents/Git/ASIP-for-decryption-using-RSA/asip/asip/memories/data_mem_test.sv Line: 65
Info (10648): Verilog HDL Display System Task info at data_mem_test.sv(68): clk=0, write_enable=1, address=00040000, pixel_address=00000000, write_data=00000002, pixel=00, read_data=00000000\n File: C:/Users/erick/Documents/Git/ASIP-for-decryption-using-RSA/asip/asip/memories/data_mem_test.sv Line: 68
Info (10648): Verilog HDL Display System Task info at data_mem_test.sv(72): clk=1, write_enable=1, address=00050000, pixel_address=00040000, write_data=00000006, pixel=00, read_data=00000000 File: C:/Users/erick/Documents/Git/ASIP-for-decryption-using-RSA/asip/asip/memories/data_mem_test.sv Line: 72
Info (10648): Verilog HDL Display System Task info at data_mem_test.sv(75): clk=0, write_enable=1, address=00050000, pixel_address=00040000, write_data=00000006, pixel=00, read_data=00000000\n File: C:/Users/erick/Documents/Git/ASIP-for-decryption-using-RSA/asip/asip/memories/data_mem_test.sv Line: 75
Info (10648): Verilog HDL Display System Task info at data_mem_test.sv(79): clk=1, write_enable=1, address=00060000, pixel_address=00050000, write_data=0000000e, pixel=00, read_data=00000000 File: C:/Users/erick/Documents/Git/ASIP-for-decryption-using-RSA/asip/asip/memories/data_mem_test.sv Line: 79
Info (10648): Verilog HDL Display System Task info at data_mem_test.sv(82): clk=0, write_enable=1, address=00060000, pixel_address=00050000, write_data=0000000e, pixel=00, read_data=00000000\n File: C:/Users/erick/Documents/Git/ASIP-for-decryption-using-RSA/asip/asip/memories/data_mem_test.sv Line: 82
Info (10648): Verilog HDL Display System Task info at data_mem_test.sv(86): clk=1, write_enable=1, address=00070000, pixel_address=00060000, write_data=0000000e, pixel=00, read_data=00000000 File: C:/Users/erick/Documents/Git/ASIP-for-decryption-using-RSA/asip/asip/memories/data_mem_test.sv Line: 86
Info (10648): Verilog HDL Display System Task info at data_mem_test.sv(89): clk=0, write_enable=1, address=00070000, pixel_address=00060000, write_data=0000000e, pixel=00, read_data=00000000\n File: C:/Users/erick/Documents/Git/ASIP-for-decryption-using-RSA/asip/asip/memories/data_mem_test.sv Line: 89
Info (10648): Verilog HDL Display System Task info at data_mem_test.sv(94): clk=1, write_enable=0, address=00070000, pixel_address=00070000, write_data=0000001e, pixel=00, read_data=00000000 File: C:/Users/erick/Documents/Git/ASIP-for-decryption-using-RSA/asip/asip/memories/data_mem_test.sv Line: 94
Info (10648): Verilog HDL Display System Task info at data_mem_test.sv(97): clk=0, write_enable=0, address=00070000, pixel_address=00070000, write_data=0000001e, pixel=00, read_data=00000000\n File: C:/Users/erick/Documents/Git/ASIP-for-decryption-using-RSA/asip/asip/memories/data_mem_test.sv Line: 97
Info (12128): Elaborating entity "data_mem" for hierarchy "data_mem:DUT" File: C:/Users/erick/Documents/Git/ASIP-for-decryption-using-RSA/asip/asip/memories/data_mem_test.sv Line: 8
Info (12128): Elaborating entity "dmem_cell" for hierarchy "data_mem:DUT|dmem_cell:dmem0" File: C:/Users/erick/Documents/Git/ASIP-for-decryption-using-RSA/asip/asip/memories/data_mem.sv Line: 43
Info (12128): Elaborating entity "dmem_cell" for hierarchy "data_mem:DUT|dmem_cell:dmem1" File: C:/Users/erick/Documents/Git/ASIP-for-decryption-using-RSA/asip/asip/memories/data_mem.sv Line: 44
Info (12128): Elaborating entity "dmem_cell" for hierarchy "data_mem:DUT|dmem_cell:dmem2" File: C:/Users/erick/Documents/Git/ASIP-for-decryption-using-RSA/asip/asip/memories/data_mem.sv Line: 45
Info (12128): Elaborating entity "dmem_cell" for hierarchy "data_mem:DUT|dmem_cell:dmem3" File: C:/Users/erick/Documents/Git/ASIP-for-decryption-using-RSA/asip/asip/memories/data_mem.sv Line: 46
Info (12128): Elaborating entity "dmem_cell" for hierarchy "data_mem:DUT|dmem_cell:dmem4" File: C:/Users/erick/Documents/Git/ASIP-for-decryption-using-RSA/asip/asip/memories/data_mem.sv Line: 48
Info (12128): Elaborating entity "dmem_cell" for hierarchy "data_mem:DUT|dmem_cell:dmem5" File: C:/Users/erick/Documents/Git/ASIP-for-decryption-using-RSA/asip/asip/memories/data_mem.sv Line: 49
Info (12128): Elaborating entity "dmem_cell" for hierarchy "data_mem:DUT|dmem_cell:dmem6" File: C:/Users/erick/Documents/Git/ASIP-for-decryption-using-RSA/asip/asip/memories/data_mem.sv Line: 50
Info (12128): Elaborating entity "dmem_cell" for hierarchy "data_mem:DUT|dmem_cell:dmem7" File: C:/Users/erick/Documents/Git/ASIP-for-decryption-using-RSA/asip/asip/memories/data_mem.sv Line: 51
Info (144001): Generated suppressed messages file C:/Users/erick/Documents/Git/ASIP-for-decryption-using-RSA/asip/output_files/asip.map.smsg
Info: Quartus Prime Analysis & Elaboration was successful. 0 errors, 1 warning
    Info: Peak virtual memory: 4877 megabytes
    Info: Processing ended: Fri Jul 17 15:52:36 2020
    Info: Elapsed time: 00:05:05
    Info: Total CPU time (on all processors): 00:05:18


+--------------------------------------------+
; Analysis & Elaboration Suppressed Messages ;
+--------------------------------------------+
The suppressed messages can be found in C:/Users/erick/Documents/Git/ASIP-for-decryption-using-RSA/asip/output_files/asip.map.smsg.


